[2026-04-29 14:58:19] [System] [SERVER ONLINE]
[2026-04-29 14:58:35] [System] [System] User 'donna' connected

[2026-04-29 15:01:39] [System] [SERVER ONLINE]
[2026-04-29 15:01:48] [System] [System] User 'donna' connected

[2026-04-29 15:02:10] [System] [System] User 'donna' disconnected

[2026-04-29 15:02:41] [System] [SERVER ONLINE]
[2026-04-29 15:02:47] [System] [System] User 'donna' connected

[2026-04-29 15:03:05] [System] [System] User 'joo' connected

[2026-04-29 15:03:19] [User] [donna]: hai

[2026-04-29 15:03:25] [User] [joo]: halo

[2026-04-29 15:03:52] [System] [System] User 'donna' disconnected

[2026-04-29 15:04:21] [System] [System] User 'The knights' connected

[2026-04-29 15:04:48] [System] [System] User 'The knights' disconnected

[2026-04-29 15:05:17] [System] [System] User 'The Knights' connected

[2026-04-29 15:05:17] [System] [System] User 'The Knights' disconnected

[2026-04-29 15:06:43] [System] [System] User 'The Knights' connected

[2026-04-29 15:06:43] [System] [System] User 'The Knights' disconnected

[2026-04-29 15:07:39] [System] [SERVER ONLINE]
[2026-04-29 15:13:11] [System] [SERVER ONLINE]
[2026-04-29 15:13:16] [System] [System] User 'donna' connected

[2026-04-29 15:13:25] [System] [System] User 'joo' connected

[2026-04-29 15:13:27] [User] [donna]: haii

[2026-04-29 15:13:30] [User] [joo]: halo

[2026-04-29 15:13:35] [System] [System] User 'donna' disconnected

[2026-04-29 15:13:54] [System] [System] User 'The Knights' connected

[2026-04-29 15:15:20] [System] [System] User 'The Knights' disconnected

[2026-04-29 15:25:47] [System] [SERVER ONLINE]
[2026-04-29 15:31:24] [System] User 'joo' connected
[2026-04-29 15:31:24] [System] User 'donna' connected
[2026-04-29 15:31:29] [User] [donna]: halo

[2026-04-29 15:31:33] [User] [joo]: haii

[2026-04-29 15:31:44] [System] User 'donna' disconnected
[2026-04-29 15:32:24] [System] User 'The Knights' connected
[2026-04-29 15:35:32] [System] User 'The Knights' disconnected
[2026-04-29 15:38:10] [System] User 'joo' connected
[2026-04-29 15:38:10] [System] User 'donna' connected
[2026-04-29 15:38:15] [User] [joo]: haloo

[2026-04-29 15:38:19] [User] [donna]: haii

[2026-04-29 15:38:23] [System] User 'joo' disconnected
[2026-04-29 15:38:34] [System] User 'The Knights' connected
[2026-04-29 15:40:16] [System] User 'The Knights' disconnected
